<?xml version="1.0" encoding="UTF-8"?>
<!-- Generated by org.testng.reporters.JUnitXMLReporter -->
<testsuite ignored="4" hostname="DESKTOP-M77CS71" failures="0" tests="2" name="Test" time="106.051" errors="0" timestamp="2022-10-05T12:07:20 IST">
  <testcase classname="com.mystore.testcases.TC_productpageTest" name="veryfyaddtowishlistwithoutlogin" time="7.815"/>
  <testcase classname="com.mystore.testcases.TC_MyAccountPageTest" name="signout" time="53.334"/>
  <testcase classname="com.mystore.testcases.TC_productpageTest" name="veryfybuyproduct" time="0.0">
    <ignored/>
  </testcase> <!-- veryfybuyproduct -->
  <testcase classname="com.mystore.testcases.TC_MyAccountPageTest" name="veryfylogin" time="0.0">
    <ignored/>
  </testcase> <!-- veryfylogin -->
  <testcase classname="com.mystore.testcases.TC_productpageTest" name="veryfysearchproduct" time="0.0">
    <ignored/>
  </testcase> <!-- veryfysearchproduct -->
  <testcase classname="com.mystore.testcases.TC_MyAccountPageTest" name="verifyRegistrationAndLogin" time="0.0">
    <ignored/>
  </testcase> <!-- verifyRegistrationAndLogin -->
</testsuite> <!-- Test -->
